<?xml version="1.0" encoding="UTF-8"?>
<testsuite xmlns:xsi="http://www.w3.org/2001/XMLSchema-instance" xsi:noNamespaceSchemaLocation="https://maven.apache.org/surefire/maven-surefire-plugin/xsd/surefire-test-report-3.0.xsd" version="3.0" name="escape_from_dahshur.main.Main_CharacterTest" time="0.053" tests="16" errors="0" skipped="0" failures="0">
  <properties>
    <property name="java.specification.version" value="21"/>
    <property name="sun.jnu.encoding" value="UTF-8"/>
    <property name="java.class.path" value="/home/atlas/Documents/Code/java/escape-from-Dahshur/target/test-classes:/home/atlas/Documents/Code/java/escape-from-Dahshur/target/classes:/home/atlas/.m2/repository/org/junit/jupiter/junit-jupiter-engine/5.9.3/junit-jupiter-engine-5.9.3.jar:/home/atlas/.m2/repository/org/junit/platform/junit-platform-engine/1.9.3/junit-platform-engine-1.9.3.jar:/home/atlas/.m2/repository/org/opentest4j/opentest4j/1.2.0/opentest4j-1.2.0.jar:/home/atlas/.m2/repository/org/junit/platform/junit-platform-commons/1.9.3/junit-platform-commons-1.9.3.jar:/home/atlas/.m2/repository/org/junit/jupiter/junit-jupiter-api/5.9.3/junit-jupiter-api-5.9.3.jar:/home/atlas/.m2/repository/org/apiguardian/apiguardian-api/1.1.2/apiguardian-api-1.1.2.jar:/home/atlas/.m2/repository/com/google/code/gson/gson/2.10.1/gson-2.10.1.jar:"/>
    <property name="java.vm.vendor" value="Eclipse Adoptium"/>
    <property name="sun.arch.data.model" value="64"/>
    <property name="java.vendor.url" value="https://adoptium.net/"/>
    <property name="os.name" value="Linux"/>
    <property name="java.vm.specification.version" value="21"/>
    <property name="sun.java.launcher" value="SUN_STANDARD"/>
    <property name="user.country" value="US"/>
    <property name="sun.boot.library.path" value="/home/atlas/.sdkman/candidates/java/21.0.3-tem/lib"/>
    <property name="sun.java.command" value="/home/atlas/Documents/Code/java/escape-from-Dahshur/target/surefire/surefirebooter-20240607162009849_3.jar /home/atlas/Documents/Code/java/escape-from-Dahshur/target/surefire 2024-06-07T16-20-09_813-jvmRun1 surefire-20240607162009849_1tmp surefire_0-20240607162009849_2tmp"/>
    <property name="jdk.debug" value="release"/>
    <property name="surefire.test.class.path" value="/home/atlas/Documents/Code/java/escape-from-Dahshur/target/test-classes:/home/atlas/Documents/Code/java/escape-from-Dahshur/target/classes:/home/atlas/.m2/repository/org/junit/jupiter/junit-jupiter-engine/5.9.3/junit-jupiter-engine-5.9.3.jar:/home/atlas/.m2/repository/org/junit/platform/junit-platform-engine/1.9.3/junit-platform-engine-1.9.3.jar:/home/atlas/.m2/repository/org/opentest4j/opentest4j/1.2.0/opentest4j-1.2.0.jar:/home/atlas/.m2/repository/org/junit/platform/junit-platform-commons/1.9.3/junit-platform-commons-1.9.3.jar:/home/atlas/.m2/repository/org/junit/jupiter/junit-jupiter-api/5.9.3/junit-jupiter-api-5.9.3.jar:/home/atlas/.m2/repository/org/apiguardian/apiguardian-api/1.1.2/apiguardian-api-1.1.2.jar:/home/atlas/.m2/repository/com/google/code/gson/gson/2.10.1/gson-2.10.1.jar:"/>
    <property name="sun.cpu.endian" value="little"/>
    <property name="user.home" value="/home/atlas"/>
    <property name="user.language" value="en"/>
    <property name="java.specification.vendor" value="Oracle Corporation"/>
    <property name="java.version.date" value="2024-04-16"/>
    <property name="java.home" value="/home/atlas/.sdkman/candidates/java/21.0.3-tem"/>
    <property name="file.separator" value="/"/>
    <property name="basedir" value="/home/atlas/Documents/Code/java/escape-from-Dahshur"/>
    <property name="java.vm.compressedOopsMode" value="Zero based"/>
    <property name="line.separator" value="&#10;"/>
    <property name="java.specification.name" value="Java Platform API Specification"/>
    <property name="java.vm.specification.vendor" value="Oracle Corporation"/>
    <property name="surefire.real.class.path" value="/home/atlas/Documents/Code/java/escape-from-Dahshur/target/surefire/surefirebooter-20240607162009849_3.jar"/>
    <property name="sun.management.compiler" value="HotSpot 64-Bit Tiered Compilers"/>
    <property name="java.runtime.version" value="21.0.3+9-LTS"/>
    <property name="user.name" value="atlas"/>
    <property name="stdout.encoding" value="UTF-8"/>
    <property name="path.separator" value=":"/>
    <property name="os.version" value="6.9.3-arch1-1"/>
    <property name="java.runtime.name" value="OpenJDK Runtime Environment"/>
    <property name="file.encoding" value="UTF-8"/>
    <property name="java.vm.name" value="OpenJDK 64-Bit Server VM"/>
    <property name="java.vendor.version" value="Temurin-21.0.3+9"/>
    <property name="localRepository" value="/home/atlas/.m2/repository"/>
    <property name="java.vendor.url.bug" value="https://github.com/adoptium/adoptium-support/issues"/>
    <property name="java.io.tmpdir" value="/tmp"/>
    <property name="java.version" value="21.0.3"/>
    <property name="user.dir" value="/home/atlas/Documents/Code/java/escape-from-Dahshur"/>
    <property name="os.arch" value="amd64"/>
    <property name="java.vm.specification.name" value="Java Virtual Machine Specification"/>
    <property name="native.encoding" value="UTF-8"/>
    <property name="java.library.path" value="/usr/java/packages/lib:/usr/lib64:/lib64:/lib:/usr/lib"/>
    <property name="java.vm.info" value="mixed mode, sharing"/>
    <property name="stderr.encoding" value="UTF-8"/>
    <property name="java.vendor" value="Eclipse Adoptium"/>
    <property name="java.vm.version" value="21.0.3+9-LTS"/>
    <property name="sun.io.unicode.encoding" value="UnicodeLittle"/>
    <property name="java.class.version" value="65.0"/>
  </properties>
  <testcase name="testAttackWithEquippedItem" classname="escape_from_dahshur.main.Main_CharacterTest" time="0.0">
    <system-out><![CDATA[&amp#27;[31mGoblin has taken 55 damage and now has 35 health left.&amp#27;[0m
]]></system-out>
  </testcase>
  <testcase name="testDie" classname="escape_from_dahshur.main.Main_CharacterTest" time="0.0">
    <system-out><![CDATA[&amp#27;[35mHero has taken 100 damage and now has 0 health left.&amp#27;[0m
Hero has died.
]]></system-out>
  </testcase>
  <testcase name="testGetInvWeight" classname="escape_from_dahshur.main.Main_CharacterTest" time="0.0">
    <system-out><![CDATA[Sword taken.
]]></system-out>
  </testcase>
  <testcase name="testUpdateFrom" classname="escape_from_dahshur.main.Main_CharacterTest" time="0.0">
    <system-out><![CDATA[Sword taken.
]]></system-out>
  </testcase>
  <testcase name="testFromJson" classname="escape_from_dahshur.main.Main_CharacterTest" time="0.039"/>
  <testcase name="testGetters" classname="escape_from_dahshur.main.Main_CharacterTest" time="0.001"/>
  <testcase name="testTakeItem" classname="escape_from_dahshur.main.Main_CharacterTest" time="0.001">
    <system-out><![CDATA[Sword taken.
]]></system-out>
  </testcase>
  <testcase name="testDropItem" classname="escape_from_dahshur.main.Main_CharacterTest" time="0.0">
    <system-out><![CDATA[Sword taken.
Sword dropped.
]]></system-out>
  </testcase>
  <testcase name="testUnequipItem" classname="escape_from_dahshur.main.Main_CharacterTest" time="0.0">
    <system-out><![CDATA[Sword taken.
No item is equipped.
]]></system-out>
  </testcase>
  <testcase name="testFromJsonFile" classname="escape_from_dahshur.main.Main_CharacterTest" time="0.003"/>
  <testcase name="testAttack" classname="escape_from_dahshur.main.Main_CharacterTest" time="0.0">
    <system-out><![CDATA[&amp#27;[31mGoblin has taken 50 damage and now has 40 health left.&amp#27;[0m
]]></system-out>
  </testcase>
  <testcase name="testEquipItemNotInInventory" classname="escape_from_dahshur.main.Main_CharacterTest" time="0.0">
    <system-out><![CDATA[Item not found in inventory.
]]></system-out>
  </testcase>
  <testcase name="testEquipItem" classname="escape_from_dahshur.main.Main_CharacterTest" time="0.001">
    <system-out><![CDATA[Sword taken.
Sword equipped. Your damage increased by 5
]]></system-out>
  </testcase>
  <testcase name="testToJson" classname="escape_from_dahshur.main.Main_CharacterTest" time="0.001"/>
  <testcase name="testTakeDamage" classname="escape_from_dahshur.main.Main_CharacterTest" time="0.0">
    <system-out><![CDATA[&amp#27;[35mHero has taken 10 damage and now has 90 health left.&amp#27;[0m
]]></system-out>
  </testcase>
  <testcase name="testGetInvScore" classname="escape_from_dahshur.main.Main_CharacterTest" time="0.001">
    <system-out><![CDATA[Sword taken.
]]></system-out>
  </testcase>
</testsuite>