<?xml version="1.0" encoding="UTF-8"?>
<testsuite xmlns:xsi="http://www.w3.org/2001/XMLSchema-instance" xsi:noNamespaceSchemaLocation="https://maven.apache.org/surefire/maven-surefire-plugin/xsd/surefire-test-report-3.0.xsd" version="3.0" name="escape_from_dahshur.main.GameTest" time="0.04" tests="9" errors="0" skipped="0" failures="0">
  <properties>
    <property name="java.specification.version" value="21"/>
    <property name="sun.jnu.encoding" value="UTF-8"/>
    <property name="java.class.path" value="/home/atlas/Documents/Code/java/escape-from-Dahshur/target/test-classes:/home/atlas/Documents/Code/java/escape-from-Dahshur/target/classes:/home/atlas/.m2/repository/org/junit/jupiter/junit-jupiter-engine/5.9.3/junit-jupiter-engine-5.9.3.jar:/home/atlas/.m2/repository/org/junit/platform/junit-platform-engine/1.9.3/junit-platform-engine-1.9.3.jar:/home/atlas/.m2/repository/org/opentest4j/opentest4j/1.2.0/opentest4j-1.2.0.jar:/home/atlas/.m2/repository/org/junit/platform/junit-platform-commons/1.9.3/junit-platform-commons-1.9.3.jar:/home/atlas/.m2/repository/org/junit/jupiter/junit-jupiter-api/5.9.3/junit-jupiter-api-5.9.3.jar:/home/atlas/.m2/repository/org/apiguardian/apiguardian-api/1.1.2/apiguardian-api-1.1.2.jar:/home/atlas/.m2/repository/com/google/code/gson/gson/2.10.1/gson-2.10.1.jar:/home/atlas/.m2/repository/com/google/cloud/google-cloud-storage/2.39.0/google-cloud-storage-2.39.0.jar:/home/atlas/.m2/repository/com/google/guava/guava/33.1.0-jre/guava-33.1.0-jre.jar:/home/atlas/.m2/repository/com/google/guava/failureaccess/1.0.2/failureaccess-1.0.2.jar:/home/atlas/.m2/repository/com/google/guava/listenablefuture/9999.0-empty-to-avoid-conflict-with-guava/listenablefuture-9999.0-empty-to-avoid-conflict-with-guava.jar:/home/atlas/.m2/repository/com/google/errorprone/error_prone_annotations/2.27.1/error_prone_annotations-2.27.1.jar:/home/atlas/.m2/repository/com/google/j2objc/j2objc-annotations/3.0.0/j2objc-annotations-3.0.0.jar:/home/atlas/.m2/repository/com/google/http-client/google-http-client/1.44.1/google-http-client-1.44.1.jar:/home/atlas/.m2/repository/io/grpc/grpc-context/1.62.2/grpc-context-1.62.2.jar:/home/atlas/.m2/repository/io/opencensus/opencensus-contrib-http-util/0.31.1/opencensus-contrib-http-util-0.31.1.jar:/home/atlas/.m2/repository/com/google/http-client/google-http-client-jackson2/1.44.1/google-http-client-jackson2-1.44.1.jar:/home/atlas/.m2/repository/com/google/http-client/google-http-client-gson/1.44.1/google-http-client-gson-1.44.1.jar:/home/atlas/.m2/repository/com/google/api-client/google-api-client/2.4.0/google-api-client-2.4.0.jar:/home/atlas/.m2/repository/commons-codec/commons-codec/1.17.0/commons-codec-1.17.0.jar:/home/atlas/.m2/repository/com/google/oauth-client/google-oauth-client/1.36.0/google-oauth-client-1.36.0.jar:/home/atlas/.m2/repository/com/google/http-client/google-http-client-apache-v2/1.44.1/google-http-client-apache-v2-1.44.1.jar:/home/atlas/.m2/repository/com/google/apis/google-api-services-storage/v1-rev20240319-2.0.0/google-api-services-storage-v1-rev20240319-2.0.0.jar:/home/atlas/.m2/repository/com/google/cloud/google-cloud-core/2.38.1/google-cloud-core-2.38.1.jar:/home/atlas/.m2/repository/com/google/auto/value/auto-value-annotations/1.10.4/auto-value-annotations-1.10.4.jar:/home/atlas/.m2/repository/com/google/cloud/google-cloud-core-http/2.38.1/google-cloud-core-http-2.38.1.jar:/home/atlas/.m2/repository/com/google/http-client/google-http-client-appengine/1.44.1/google-http-client-appengine-1.44.1.jar:/home/atlas/.m2/repository/com/google/api/gax-httpjson/2.48.1/gax-httpjson-2.48.1.jar:/home/atlas/.m2/repository/com/google/cloud/google-cloud-core-grpc/2.38.1/google-cloud-core-grpc-2.38.1.jar:/home/atlas/.m2/repository/com/google/api/gax/2.48.1/gax-2.48.1.jar:/home/atlas/.m2/repository/com/google/api/gax-grpc/2.48.1/gax-grpc-2.48.1.jar:/home/atlas/.m2/repository/io/grpc/grpc-inprocess/1.62.2/grpc-inprocess-1.62.2.jar:/home/atlas/.m2/repository/io/grpc/grpc-alts/1.62.2/grpc-alts-1.62.2.jar:/home/atlas/.m2/repository/io/grpc/grpc-grpclb/1.62.2/grpc-grpclb-1.62.2.jar:/home/atlas/.m2/repository/org/conscrypt/conscrypt-openjdk-uber/2.5.2/conscrypt-openjdk-uber-2.5.2.jar:/home/atlas/.m2/repository/io/grpc/grpc-auth/1.62.2/grpc-auth-1.62.2.jar:/home/atlas/.m2/repository/com/google/auth/google-auth-library-credentials/1.23.0/google-auth-library-credentials-1.23.0.jar:/home/atlas/.m2/repository/com/google/auth/google-auth-library-oauth2-http/1.23.0/google-auth-library-oauth2-http-1.23.0.jar:/home/atlas/.m2/repository/com/google/api/api-common/2.31.1/api-common-2.31.1.jar:/home/atlas/.m2/repository/javax/annotation/javax.annotation-api/1.3.2/javax.annotation-api-1.3.2.jar:/home/atlas/.m2/repository/io/opencensus/opencensus-api/0.31.1/opencensus-api-0.31.1.jar:/home/atlas/.m2/repository/com/google/api/grpc/proto-google-iam-v1/1.34.1/proto-google-iam-v1-1.34.1.jar:/home/atlas/.m2/repository/com/google/protobuf/protobuf-java/3.25.3/protobuf-java-3.25.3.jar:/home/atlas/.m2/repository/com/google/protobuf/protobuf-java-util/3.25.3/protobuf-java-util-3.25.3.jar:/home/atlas/.m2/repository/io/grpc/grpc-core/1.62.2/grpc-core-1.62.2.jar:/home/atlas/.m2/repository/com/google/android/annotations/4.1.1.4/annotations-4.1.1.4.jar:/home/atlas/.m2/repository/org/codehaus/mojo/animal-sniffer-annotations/1.23/animal-sniffer-annotations-1.23.jar:/home/atlas/.m2/repository/io/perfmark/perfmark-api/0.27.0/perfmark-api-0.27.0.jar:/home/atlas/.m2/repository/io/grpc/grpc-protobuf/1.62.2/grpc-protobuf-1.62.2.jar:/home/atlas/.m2/repository/io/grpc/grpc-protobuf-lite/1.62.2/grpc-protobuf-lite-1.62.2.jar:/home/atlas/.m2/repository/com/google/api/grpc/proto-google-common-protos/2.39.1/proto-google-common-protos-2.39.1.jar:/home/atlas/.m2/repository/org/threeten/threetenbp/1.6.9/threetenbp-1.6.9.jar:/home/atlas/.m2/repository/com/google/api/grpc/proto-google-cloud-storage-v2/2.39.0-alpha/proto-google-cloud-storage-v2-2.39.0-alpha.jar:/home/atlas/.m2/repository/com/google/api/grpc/grpc-google-cloud-storage-v2/2.39.0-alpha/grpc-google-cloud-storage-v2-2.39.0-alpha.jar:/home/atlas/.m2/repository/com/google/api/grpc/gapic-google-cloud-storage-v2/2.39.0-alpha/gapic-google-cloud-storage-v2-2.39.0-alpha.jar:/home/atlas/.m2/repository/com/fasterxml/jackson/core/jackson-core/2.17.1/jackson-core-2.17.1.jar:/home/atlas/.m2/repository/com/google/code/findbugs/jsr305/3.0.2/jsr305-3.0.2.jar:/home/atlas/.m2/repository/io/grpc/grpc-api/1.62.2/grpc-api-1.62.2.jar:/home/atlas/.m2/repository/io/grpc/grpc-netty-shaded/1.62.2/grpc-netty-shaded-1.62.2.jar:/home/atlas/.m2/repository/io/grpc/grpc-util/1.62.2/grpc-util-1.62.2.jar:/home/atlas/.m2/repository/io/grpc/grpc-stub/1.62.2/grpc-stub-1.62.2.jar:/home/atlas/.m2/repository/io/grpc/grpc-googleapis/1.62.2/grpc-googleapis-1.62.2.jar:/home/atlas/.m2/repository/org/checkerframework/checker-qual/3.42.0/checker-qual-3.42.0.jar:/home/atlas/.m2/repository/io/grpc/grpc-xds/1.62.2/grpc-xds-1.62.2.jar:/home/atlas/.m2/repository/io/opencensus/opencensus-proto/0.2.0/opencensus-proto-0.2.0.jar:/home/atlas/.m2/repository/io/grpc/grpc-services/1.62.2/grpc-services-1.62.2.jar:/home/atlas/.m2/repository/com/google/re2j/re2j/1.7/re2j-1.7.jar:/home/atlas/.m2/repository/io/grpc/grpc-rls/1.62.2/grpc-rls-1.62.2.jar:/home/atlas/.m2/repository/com/google/cloud/google-cloud-storage-control/2.39.0-beta/google-cloud-storage-control-2.39.0-beta.jar:/home/atlas/.m2/repository/com/google/api/grpc/proto-google-cloud-storage-control-v2/2.39.0-beta/proto-google-cloud-storage-control-v2-2.39.0-beta.jar:"/>
    <property name="java.vm.vendor" value="Eclipse Adoptium"/>
    <property name="sun.arch.data.model" value="64"/>
    <property name="java.vendor.url" value="https://adoptium.net/"/>
    <property name="os.name" value="Linux"/>
    <property name="java.vm.specification.version" value="21"/>
    <property name="sun.java.launcher" value="SUN_STANDARD"/>
    <property name="user.country" value="US"/>
    <property name="sun.boot.library.path" value="/home/atlas/.sdkman/candidates/java/21.0.3-tem/lib"/>
    <property name="sun.java.command" value="/home/atlas/Documents/Code/java/escape-from-Dahshur/target/surefire/surefirebooter-20240618185022447_3.jar /home/atlas/Documents/Code/java/escape-from-Dahshur/target/surefire 2024-06-18T18-50-22_406-jvmRun1 surefire-20240618185022447_1tmp surefire_0-20240618185022447_2tmp"/>
    <property name="jdk.debug" value="release"/>
    <property name="surefire.test.class.path" value="/home/atlas/Documents/Code/java/escape-from-Dahshur/target/test-classes:/home/atlas/Documents/Code/java/escape-from-Dahshur/target/classes:/home/atlas/.m2/repository/org/junit/jupiter/junit-jupiter-engine/5.9.3/junit-jupiter-engine-5.9.3.jar:/home/atlas/.m2/repository/org/junit/platform/junit-platform-engine/1.9.3/junit-platform-engine-1.9.3.jar:/home/atlas/.m2/repository/org/opentest4j/opentest4j/1.2.0/opentest4j-1.2.0.jar:/home/atlas/.m2/repository/org/junit/platform/junit-platform-commons/1.9.3/junit-platform-commons-1.9.3.jar:/home/atlas/.m2/repository/org/junit/jupiter/junit-jupiter-api/5.9.3/junit-jupiter-api-5.9.3.jar:/home/atlas/.m2/repository/org/apiguardian/apiguardian-api/1.1.2/apiguardian-api-1.1.2.jar:/home/atlas/.m2/repository/com/google/code/gson/gson/2.10.1/gson-2.10.1.jar:/home/atlas/.m2/repository/com/google/cloud/google-cloud-storage/2.39.0/google-cloud-storage-2.39.0.jar:/home/atlas/.m2/repository/com/google/guava/guava/33.1.0-jre/guava-33.1.0-jre.jar:/home/atlas/.m2/repository/com/google/guava/failureaccess/1.0.2/failureaccess-1.0.2.jar:/home/atlas/.m2/repository/com/google/guava/listenablefuture/9999.0-empty-to-avoid-conflict-with-guava/listenablefuture-9999.0-empty-to-avoid-conflict-with-guava.jar:/home/atlas/.m2/repository/com/google/errorprone/error_prone_annotations/2.27.1/error_prone_annotations-2.27.1.jar:/home/atlas/.m2/repository/com/google/j2objc/j2objc-annotations/3.0.0/j2objc-annotations-3.0.0.jar:/home/atlas/.m2/repository/com/google/http-client/google-http-client/1.44.1/google-http-client-1.44.1.jar:/home/atlas/.m2/repository/io/grpc/grpc-context/1.62.2/grpc-context-1.62.2.jar:/home/atlas/.m2/repository/io/opencensus/opencensus-contrib-http-util/0.31.1/opencensus-contrib-http-util-0.31.1.jar:/home/atlas/.m2/repository/com/google/http-client/google-http-client-jackson2/1.44.1/google-http-client-jackson2-1.44.1.jar:/home/atlas/.m2/repository/com/google/http-client/google-http-client-gson/1.44.1/google-http-client-gson-1.44.1.jar:/home/atlas/.m2/repository/com/google/api-client/google-api-client/2.4.0/google-api-client-2.4.0.jar:/home/atlas/.m2/repository/commons-codec/commons-codec/1.17.0/commons-codec-1.17.0.jar:/home/atlas/.m2/repository/com/google/oauth-client/google-oauth-client/1.36.0/google-oauth-client-1.36.0.jar:/home/atlas/.m2/repository/com/google/http-client/google-http-client-apache-v2/1.44.1/google-http-client-apache-v2-1.44.1.jar:/home/atlas/.m2/repository/com/google/apis/google-api-services-storage/v1-rev20240319-2.0.0/google-api-services-storage-v1-rev20240319-2.0.0.jar:/home/atlas/.m2/repository/com/google/cloud/google-cloud-core/2.38.1/google-cloud-core-2.38.1.jar:/home/atlas/.m2/repository/com/google/auto/value/auto-value-annotations/1.10.4/auto-value-annotations-1.10.4.jar:/home/atlas/.m2/repository/com/google/cloud/google-cloud-core-http/2.38.1/google-cloud-core-http-2.38.1.jar:/home/atlas/.m2/repository/com/google/http-client/google-http-client-appengine/1.44.1/google-http-client-appengine-1.44.1.jar:/home/atlas/.m2/repository/com/google/api/gax-httpjson/2.48.1/gax-httpjson-2.48.1.jar:/home/atlas/.m2/repository/com/google/cloud/google-cloud-core-grpc/2.38.1/google-cloud-core-grpc-2.38.1.jar:/home/atlas/.m2/repository/com/google/api/gax/2.48.1/gax-2.48.1.jar:/home/atlas/.m2/repository/com/google/api/gax-grpc/2.48.1/gax-grpc-2.48.1.jar:/home/atlas/.m2/repository/io/grpc/grpc-inprocess/1.62.2/grpc-inprocess-1.62.2.jar:/home/atlas/.m2/repository/io/grpc/grpc-alts/1.62.2/grpc-alts-1.62.2.jar:/home/atlas/.m2/repository/io/grpc/grpc-grpclb/1.62.2/grpc-grpclb-1.62.2.jar:/home/atlas/.m2/repository/org/conscrypt/conscrypt-openjdk-uber/2.5.2/conscrypt-openjdk-uber-2.5.2.jar:/home/atlas/.m2/repository/io/grpc/grpc-auth/1.62.2/grpc-auth-1.62.2.jar:/home/atlas/.m2/repository/com/google/auth/google-auth-library-credentials/1.23.0/google-auth-library-credentials-1.23.0.jar:/home/atlas/.m2/repository/com/google/auth/google-auth-library-oauth2-http/1.23.0/google-auth-library-oauth2-http-1.23.0.jar:/home/atlas/.m2/repository/com/google/api/api-common/2.31.1/api-common-2.31.1.jar:/home/atlas/.m2/repository/javax/annotation/javax.annotation-api/1.3.2/javax.annotation-api-1.3.2.jar:/home/atlas/.m2/repository/io/opencensus/opencensus-api/0.31.1/opencensus-api-0.31.1.jar:/home/atlas/.m2/repository/com/google/api/grpc/proto-google-iam-v1/1.34.1/proto-google-iam-v1-1.34.1.jar:/home/atlas/.m2/repository/com/google/protobuf/protobuf-java/3.25.3/protobuf-java-3.25.3.jar:/home/atlas/.m2/repository/com/google/protobuf/protobuf-java-util/3.25.3/protobuf-java-util-3.25.3.jar:/home/atlas/.m2/repository/io/grpc/grpc-core/1.62.2/grpc-core-1.62.2.jar:/home/atlas/.m2/repository/com/google/android/annotations/4.1.1.4/annotations-4.1.1.4.jar:/home/atlas/.m2/repository/org/codehaus/mojo/animal-sniffer-annotations/1.23/animal-sniffer-annotations-1.23.jar:/home/atlas/.m2/repository/io/perfmark/perfmark-api/0.27.0/perfmark-api-0.27.0.jar:/home/atlas/.m2/repository/io/grpc/grpc-protobuf/1.62.2/grpc-protobuf-1.62.2.jar:/home/atlas/.m2/repository/io/grpc/grpc-protobuf-lite/1.62.2/grpc-protobuf-lite-1.62.2.jar:/home/atlas/.m2/repository/com/google/api/grpc/proto-google-common-protos/2.39.1/proto-google-common-protos-2.39.1.jar:/home/atlas/.m2/repository/org/threeten/threetenbp/1.6.9/threetenbp-1.6.9.jar:/home/atlas/.m2/repository/com/google/api/grpc/proto-google-cloud-storage-v2/2.39.0-alpha/proto-google-cloud-storage-v2-2.39.0-alpha.jar:/home/atlas/.m2/repository/com/google/api/grpc/grpc-google-cloud-storage-v2/2.39.0-alpha/grpc-google-cloud-storage-v2-2.39.0-alpha.jar:/home/atlas/.m2/repository/com/google/api/grpc/gapic-google-cloud-storage-v2/2.39.0-alpha/gapic-google-cloud-storage-v2-2.39.0-alpha.jar:/home/atlas/.m2/repository/com/fasterxml/jackson/core/jackson-core/2.17.1/jackson-core-2.17.1.jar:/home/atlas/.m2/repository/com/google/code/findbugs/jsr305/3.0.2/jsr305-3.0.2.jar:/home/atlas/.m2/repository/io/grpc/grpc-api/1.62.2/grpc-api-1.62.2.jar:/home/atlas/.m2/repository/io/grpc/grpc-netty-shaded/1.62.2/grpc-netty-shaded-1.62.2.jar:/home/atlas/.m2/repository/io/grpc/grpc-util/1.62.2/grpc-util-1.62.2.jar:/home/atlas/.m2/repository/io/grpc/grpc-stub/1.62.2/grpc-stub-1.62.2.jar:/home/atlas/.m2/repository/io/grpc/grpc-googleapis/1.62.2/grpc-googleapis-1.62.2.jar:/home/atlas/.m2/repository/org/checkerframework/checker-qual/3.42.0/checker-qual-3.42.0.jar:/home/atlas/.m2/repository/io/grpc/grpc-xds/1.62.2/grpc-xds-1.62.2.jar:/home/atlas/.m2/repository/io/opencensus/opencensus-proto/0.2.0/opencensus-proto-0.2.0.jar:/home/atlas/.m2/repository/io/grpc/grpc-services/1.62.2/grpc-services-1.62.2.jar:/home/atlas/.m2/repository/com/google/re2j/re2j/1.7/re2j-1.7.jar:/home/atlas/.m2/repository/io/grpc/grpc-rls/1.62.2/grpc-rls-1.62.2.jar:/home/atlas/.m2/repository/com/google/cloud/google-cloud-storage-control/2.39.0-beta/google-cloud-storage-control-2.39.0-beta.jar:/home/atlas/.m2/repository/com/google/api/grpc/proto-google-cloud-storage-control-v2/2.39.0-beta/proto-google-cloud-storage-control-v2-2.39.0-beta.jar:"/>
    <property name="sun.cpu.endian" value="little"/>
    <property name="user.home" value="/home/atlas"/>
    <property name="user.language" value="en"/>
    <property name="java.specification.vendor" value="Oracle Corporation"/>
    <property name="java.version.date" value="2024-04-16"/>
    <property name="java.home" value="/home/atlas/.sdkman/candidates/java/21.0.3-tem"/>
    <property name="file.separator" value="/"/>
    <property name="basedir" value="/home/atlas/Documents/Code/java/escape-from-Dahshur"/>
    <property name="java.vm.compressedOopsMode" value="Zero based"/>
    <property name="line.separator" value="&#10;"/>
    <property name="java.specification.name" value="Java Platform API Specification"/>
    <property name="java.vm.specification.vendor" value="Oracle Corporation"/>
    <property name="surefire.real.class.path" value="/home/atlas/Documents/Code/java/escape-from-Dahshur/target/surefire/surefirebooter-20240618185022447_3.jar"/>
    <property name="sun.management.compiler" value="HotSpot 64-Bit Tiered Compilers"/>
    <property name="java.runtime.version" value="21.0.3+9-LTS"/>
    <property name="user.name" value="atlas"/>
    <property name="stdout.encoding" value="UTF-8"/>
    <property name="path.separator" value=":"/>
    <property name="os.version" value="6.9.5-arch1-1"/>
    <property name="java.runtime.name" value="OpenJDK Runtime Environment"/>
    <property name="file.encoding" value="UTF-8"/>
    <property name="java.vm.name" value="OpenJDK 64-Bit Server VM"/>
    <property name="java.vendor.version" value="Temurin-21.0.3+9"/>
    <property name="localRepository" value="/home/atlas/.m2/repository"/>
    <property name="java.vendor.url.bug" value="https://github.com/adoptium/adoptium-support/issues"/>
    <property name="java.io.tmpdir" value="/tmp"/>
    <property name="java.version" value="21.0.3"/>
    <property name="user.dir" value="/home/atlas/Documents/Code/java/escape-from-Dahshur"/>
    <property name="os.arch" value="amd64"/>
    <property name="java.vm.specification.name" value="Java Virtual Machine Specification"/>
    <property name="native.encoding" value="UTF-8"/>
    <property name="java.library.path" value="/usr/java/packages/lib:/usr/lib64:/lib64:/lib:/usr/lib"/>
    <property name="java.vm.info" value="mixed mode, sharing"/>
    <property name="stderr.encoding" value="UTF-8"/>
    <property name="java.vendor" value="Eclipse Adoptium"/>
    <property name="java.vm.version" value="21.0.3+9-LTS"/>
    <property name="sun.io.unicode.encoding" value="UnicodeLittle"/>
    <property name="java.class.version" value="65.0"/>
  </properties>
  <testcase name="testLoadGame" classname="escape_from_dahshur.main.GameTest" time="0.024">
    <system-out><![CDATA[                                                                    &amp#27;[36mSaving game...&amp#27;[0m
                                                               &amp#27;[32mGame saved successfully.&amp#27;[0m
                                                                   &amp#27;[36mLoading game...&amp#27;[0m
                                                              &amp#27;[32mGame loaded successfully.&amp#27;[0m
]]></system-out>
  </testcase>
  <testcase name="testSaveGame" classname="escape_from_dahshur.main.GameTest" time="0.012">
    <system-out><![CDATA[                                                                    &amp#27;[36mSaving game...&amp#27;[0m
                                                               &amp#27;[32mGame saved successfully.&amp#27;[0m
]]></system-out>
  </testcase>
  <testcase name="testMoveValidDirection" classname="escape_from_dahshur.main.GameTest" time="0.0"/>
  <testcase name="testTakeItem" classname="escape_from_dahshur.main.GameTest" time="0.0">
    <system-out><![CDATA[sword taken.
]]></system-out>
  </testcase>
  <testcase name="testHeroDies" classname="escape_from_dahshur.main.GameTest" time="0.0">
    <system-out><![CDATA[&amp#27;[35mHero has taken 150 damage and now has -50 health left.&amp#27;[0m
Hero has died.
]]></system-out>
  </testcase>
  <testcase name="testAttackNPC" classname="escape_from_dahshur.main.GameTest" time="0.001">
    <system-out><![CDATA[&amp#27;[31mMummy has taken 50 damage and now has 50 health left.&amp#27;[0m
]]></system-out>
  </testcase>
  <testcase name="testNPCDies" classname="escape_from_dahshur.main.GameTest" time="0.0">
    <system-out><![CDATA[&amp#27;[31mMummy has taken 50 damage and now has 50 health left.&amp#27;[0m
&amp#27;[31mMummy has taken 50 damage and now has 0 health left.&amp#27;[0m
Mummy has died.
Mummy is already dead and cannot be attacked.
]]></system-out>
  </testcase>
  <testcase name="testMoveInvalidDirection" classname="escape_from_dahshur.main.GameTest" time="0.001"/>
  <testcase name="testEquipItem" classname="escape_from_dahshur.main.GameTest" time="0.0"/>
</testsuite>